<?xml version="1.0" encoding="UTF-8"?>
<!-- Generated by org.testng.reporters.JUnitReportReporter -->
<testsuite hostname="LAPTOP-SB9CM23E" failures="0" tests="1" name="com.websecurity.com.zero.TestScripts.VerifyFundTransfer" time="29.631" errors="0" timestamp="2021-01-28T16:05:37 EST" skipped="0">
  <testcase classname="com.websecurity.com.zero.TestScripts.VerifyFundTransfer" name="verifyFundTransfer" time="29.631"/>
</testsuite> <!-- com.websecurity.com.zero.TestScripts.VerifyFundTransfer -->
